[{"line":2,"elements":[{"line":7,"name":"","description":"","type":"background","keyword":"Background","steps":[{"result":{"duration":83950,"status":"skipped"},"line":8,"name":"I have an existing pipeline with ID \"customer_processing_pipeline_123\"","match":{"arguments":[{"val":"\"customer_processing_pipeline_123\"","offset":36}],"location":"com.prophecy.testing.stepdefinitions.StageByStageTestSteps.i_have_an_existing_pipeline_with_id(java.lang.String)"},"keyword":"Given "}]},{"start_timestamp":"2025-06-04T21:57:12.038Z","before":[{"result":{"error_message":"org.openqa.selenium.SessionNotCreatedException: Could not start a new session. Response code 500. Message: session not created\nfrom unknown error: cannot find Chrome binary \nHost info: host: 'runtime-swxtlnvtrtahcmhe-55cdc54bc7-mx25l', ip: '10.2.82.11'\nBuild info: version: '4.15.0', revision: '1d14b5521b'\nSystem info: os.name: 'Linux', os.arch: 'amd64', os.version: '5.15.0-1078-gke', java.version: '17.0.15'\nDriver info: org.openqa.selenium.chrome.ChromeDriver\nCommand: [null, newSession {capabilities=[Capabilities {browserName: chrome, goog:chromeOptions: {args: [--no-sandbox, --disable-dev-shm-usage, --disable-gpu, --window-size=1920,1080, --disable-extensions, --disable-web-security, --allow-running-insecure-co...], extensions: []}}]}]\n\tat org.openqa.selenium.remote.ProtocolHandshake.createSession(ProtocolHandshake.java:140)\n\tat org.openqa.selenium.remote.ProtocolHandshake.createSession(ProtocolHandshake.java:96)\n\tat org.openqa.selenium.remote.ProtocolHandshake.createSession(ProtocolHandshake.java:68)\n\tat org.openqa.selenium.remote.HttpCommandExecutor.execute(HttpCommandExecutor.java:163)\n\tat org.openqa.selenium.remote.service.DriverCommandExecutor.invokeExecute(DriverCommandExecutor.java:200)\n\tat org.openqa.selenium.remote.service.DriverCommandExecutor.execute(DriverCommandExecutor.java:175)\n\tat org.openqa.selenium.remote.RemoteWebDriver.execute(RemoteWebDriver.java:607)\n\tat org.openqa.selenium.remote.RemoteWebDriver.startSession(RemoteWebDriver.java:241)\n\tat org.openqa.selenium.remote.RemoteWebDriver.<init>(RemoteWebDriver.java:168)\n\tat org.openqa.selenium.chromium.ChromiumDriver.<init>(ChromiumDriver.java:108)\n\tat org.openqa.selenium.chrome.ChromeDriver.<init>(ChromeDriver.java:89)\n\tat org.openqa.selenium.chrome.ChromeDriver.<init>(ChromeDriver.java:84)\n\tat org.openqa.selenium.chrome.ChromeDriver.<init>(ChromeDriver.java:73)\n\tat com.prophecy.testing.config.WebDriverManager.createDriver(WebDriverManager.java:53)\n\tat com.prophecy.testing.config.WebDriverManager.initializeDriver(WebDriverManager.java:30)\n\tat com.prophecy.testing.hooks.TestHooks.setUp(TestHooks.java:42)\n","duration":1216811129,"status":"failed"},"match":{"location":"com.prophecy.testing.hooks.TestHooks.setUp(io.cucumber.java.Scenario)"}},{"result":{"duration":765050,"status":"passed"},"match":{"location":"com.prophecy.testing.hooks.TestHooks.setUpApiTesting(io.cucumber.java.Scenario)"}}],"line":11,"name":"Test complete pipeline stage by stage with generated data","description":"","id":"stage-by-stage-pipeline-testing;test-complete-pipeline-stage-by-stage-with-generated-data","after":[{"result":{"duration":3323860,"status":"passed"},"match":{"location":"com.prophecy.testing.hooks.TestHooks.tearDown(io.cucumber.java.Scenario)"}}],"type":"scenario","keyword":"Scenario","steps":[{"result":{"duration":105280,"status":"skipped"},"line":12,"name":"I have prepared test data with 1000 records matching the pipeline input schema","match":{"arguments":[{"val":"1000","offset":31}],"location":"com.prophecy.testing.stepdefinitions.StageByStageTestSteps.i_have_prepared_test_data_with_records_matching_pipeline_input_schema(int)"},"keyword":"Given "},{"result":{"duration":88840,"status":"skipped"},"line":13,"name":"I execute the pipeline stage by stage with the test data","match":{"location":"com.prophecy.testing.stepdefinitions.StageByStageTestSteps.i_execute_the_pipeline_stage_by_stage_with_test_data()"},"keyword":"When "},{"result":{"duration":156810,"status":"skipped"},"line":14,"name":"all pipeline stages should execute successfully","match":{"location":"com.prophecy.testing.stepdefinitions.StageByStageTestSteps.all_pipeline_stages_should_execute_successfully()"},"keyword":"Then "},{"result":{"duration":91510,"status":"skipped"},"line":15,"name":"I should be able to trace data flow through all stages","match":{"location":"com.prophecy.testing.stepdefinitions.StageByStageTestSteps.i_should_be_able_to_trace_data_flow_through_all_stages()"},"keyword":"And "}],"tags":[{"name":"@stage-testing"},{"name":"@api"},{"name":"@smoke"},{"name":"@positive"}]},{"line":7,"name":"","description":"","type":"background","keyword":"Background","steps":[{"result":{"duration":107230,"status":"skipped"},"line":8,"name":"I have an existing pipeline with ID \"customer_processing_pipeline_123\"","match":{"arguments":[{"val":"\"customer_processing_pipeline_123\"","offset":36}],"location":"com.prophecy.testing.stepdefinitions.StageByStageTestSteps.i_have_an_existing_pipeline_with_id(java.lang.String)"},"keyword":"Given "}]},{"start_timestamp":"2025-06-04T21:57:13.311Z","before":[{"result":{"error_message":"org.openqa.selenium.SessionNotCreatedException: Could not start a new session. Response code 500. Message: session not created\nfrom unknown error: cannot find Chrome binary \nHost info: host: 'runtime-swxtlnvtrtahcmhe-55cdc54bc7-mx25l', ip: '10.2.82.11'\nBuild info: version: '4.15.0', revision: '1d14b5521b'\nSystem info: os.name: 'Linux', os.arch: 'amd64', os.version: '5.15.0-1078-gke', java.version: '17.0.15'\nDriver info: org.openqa.selenium.chrome.ChromeDriver\nCommand: [null, newSession {capabilities=[Capabilities {browserName: chrome, goog:chromeOptions: {args: [--no-sandbox, --disable-dev-shm-usage, --disable-gpu, --window-size=1920,1080, --disable-extensions, --disable-web-security, --allow-running-insecure-co...], extensions: []}}]}]\n\tat org.openqa.selenium.remote.ProtocolHandshake.createSession(ProtocolHandshake.java:140)\n\tat org.openqa.selenium.remote.ProtocolHandshake.createSession(ProtocolHandshake.java:96)\n\tat org.openqa.selenium.remote.ProtocolHandshake.createSession(ProtocolHandshake.java:68)\n\tat org.openqa.selenium.remote.HttpCommandExecutor.execute(HttpCommandExecutor.java:163)\n\tat org.openqa.selenium.remote.service.DriverCommandExecutor.invokeExecute(DriverCommandExecutor.java:200)\n\tat org.openqa.selenium.remote.service.DriverCommandExecutor.execute(DriverCommandExecutor.java:175)\n\tat org.openqa.selenium.remote.RemoteWebDriver.execute(RemoteWebDriver.java:607)\n\tat org.openqa.selenium.remote.RemoteWebDriver.startSession(RemoteWebDriver.java:241)\n\tat org.openqa.selenium.remote.RemoteWebDriver.<init>(RemoteWebDriver.java:168)\n\tat org.openqa.selenium.chromium.ChromiumDriver.<init>(ChromiumDriver.java:108)\n\tat org.openqa.selenium.chrome.ChromeDriver.<init>(ChromeDriver.java:89)\n\tat org.openqa.selenium.chrome.ChromeDriver.<init>(ChromeDriver.java:84)\n\tat org.openqa.selenium.chrome.ChromeDriver.<init>(ChromeDriver.java:73)\n\tat com.prophecy.testing.config.WebDriverManager.createDriver(WebDriverManager.java:53)\n\tat com.prophecy.testing.config.WebDriverManager.initializeDriver(WebDriverManager.java:30)\n\tat com.prophecy.testing.hooks.TestHooks.setUp(TestHooks.java:42)\n","duration":164784747,"status":"failed"},"match":{"location":"com.prophecy.testing.hooks.TestHooks.setUp(io.cucumber.java.Scenario)"}},{"result":{"duration":496630,"status":"passed"},"match":{"location":"com.prophecy.testing.hooks.TestHooks.setUpApiTesting(io.cucumber.java.Scenario)"}}],"line":18,"name":"Test pipeline with custom test data schema","description":"","id":"stage-by-stage-pipeline-testing;test-pipeline-with-custom-test-data-schema","after":[{"result":{"duration":687570,"status":"passed"},"match":{"location":"com.prophecy.testing.hooks.TestHooks.tearDown(io.cucumber.java.Scenario)"}}],"type":"scenario","keyword":"Scenario","steps":[{"result":{"duration":84070,"status":"skipped"},"line":19,"name":"I have prepared test data with custom schema:","match":{"location":"com.prophecy.testing.stepdefinitions.StageByStageTestSteps.i_have_prepared_test_data_with_custom_schema(io.cucumber.datatable.DataTable)"},"rows":[{"cells":["Field Name","Data Type","Nullable","Description"]},{"cells":["customer_id","INTEGER","false","Unique customer ID"]},{"cells":["full_name","STRING","false","Customer full name"]},{"cells":["email","STRING","false","Customer email"]},{"cells":["age","INTEGER","true","Customer age"]},{"cells":["city","STRING","true","Customer city"]},{"cells":["country","STRING","false","Customer country"]}],"keyword":"Given "},{"result":{"duration":95880,"status":"skipped"},"line":27,"name":"I execute the pipeline stage by stage with the test data","match":{"location":"com.prophecy.testing.stepdefinitions.StageByStageTestSteps.i_execute_the_pipeline_stage_by_stage_with_test_data()"},"keyword":"When "},{"result":{"duration":63120,"status":"skipped"},"line":28,"name":"all pipeline stages should execute successfully","match":{"location":"com.prophecy.testing.stepdefinitions.StageByStageTestSteps.all_pipeline_stages_should_execute_successfully()"},"keyword":"Then "}],"tags":[{"name":"@stage-testing"},{"name":"@api"},{"name":"@positive"}]},{"line":7,"name":"","description":"","type":"background","keyword":"Background","steps":[{"result":{"duration":90680,"status":"skipped"},"line":8,"name":"I have an existing pipeline with ID \"customer_processing_pipeline_123\"","match":{"arguments":[{"val":"\"customer_processing_pipeline_123\"","offset":36}],"location":"com.prophecy.testing.stepdefinitions.StageByStageTestSteps.i_have_an_existing_pipeline_with_id(java.lang.String)"},"keyword":"Given "}]},{"start_timestamp":"2025-06-04T21:57:13.499Z","before":[{"result":{"error_message":"org.openqa.selenium.SessionNotCreatedException: Could not start a new session. Response code 500. Message: session not created\nfrom unknown error: cannot find Chrome binary \nHost info: host: 'runtime-swxtlnvtrtahcmhe-55cdc54bc7-mx25l', ip: '10.2.82.11'\nBuild info: version: '4.15.0', revision: '1d14b5521b'\nSystem info: os.name: 'Linux', os.arch: 'amd64', os.version: '5.15.0-1078-gke', java.version: '17.0.15'\nDriver info: org.openqa.selenium.chrome.ChromeDriver\nCommand: [null, newSession {capabilities=[Capabilities {browserName: chrome, goog:chromeOptions: {args: [--no-sandbox, --disable-dev-shm-usage, --disable-gpu, --window-size=1920,1080, --disable-extensions, --disable-web-security, --allow-running-insecure-co...], extensions: []}}]}]\n\tat org.openqa.selenium.remote.ProtocolHandshake.createSession(ProtocolHandshake.java:140)\n\tat org.openqa.selenium.remote.ProtocolHandshake.createSession(ProtocolHandshake.java:96)\n\tat org.openqa.selenium.remote.ProtocolHandshake.createSession(ProtocolHandshake.java:68)\n\tat org.openqa.selenium.remote.HttpCommandExecutor.execute(HttpCommandExecutor.java:163)\n\tat org.openqa.selenium.remote.service.DriverCommandExecutor.invokeExecute(DriverCommandExecutor.java:200)\n\tat org.openqa.selenium.remote.service.DriverCommandExecutor.execute(DriverCommandExecutor.java:175)\n\tat org.openqa.selenium.remote.RemoteWebDriver.execute(RemoteWebDriver.java:607)\n\tat org.openqa.selenium.remote.RemoteWebDriver.startSession(RemoteWebDriver.java:241)\n\tat org.openqa.selenium.remote.RemoteWebDriver.<init>(RemoteWebDriver.java:168)\n\tat org.openqa.selenium.chromium.ChromiumDriver.<init>(ChromiumDriver.java:108)\n\tat org.openqa.selenium.chrome.ChromeDriver.<init>(ChromeDriver.java:89)\n\tat org.openqa.selenium.chrome.ChromeDriver.<init>(ChromeDriver.java:84)\n\tat org.openqa.selenium.chrome.ChromeDriver.<init>(ChromeDriver.java:73)\n\tat com.prophecy.testing.config.WebDriverManager.createDriver(WebDriverManager.java:53)\n\tat com.prophecy.testing.config.WebDriverManager.initializeDriver(WebDriverManager.java:30)\n\tat com.prophecy.testing.hooks.TestHooks.setUp(TestHooks.java:42)\n","duration":155673317,"status":"failed"},"match":{"location":"com.prophecy.testing.hooks.TestHooks.setUp(io.cucumber.java.Scenario)"}},{"result":{"duration":485730,"status":"passed"},"match":{"location":"com.prophecy.testing.hooks.TestHooks.setUpApiTesting(io.cucumber.java.Scenario)"}}],"line":31,"name":"Test pipeline with file-based test data","description":"","id":"stage-by-stage-pipeline-testing;test-pipeline-with-file-based-test-data","after":[{"result":{"duration":763650,"status":"passed"},"match":{"location":"com.prophecy.testing.hooks.TestHooks.tearDown(io.cucumber.java.Scenario)"}}],"type":"scenario","keyword":"Scenario","steps":[{"result":{"duration":63760,"status":"skipped"},"line":32,"name":"I have prepared test data from file \"sample_customers.csv\"","match":{"arguments":[{"val":"\"sample_customers.csv\"","offset":36}],"location":"com.prophecy.testing.stepdefinitions.StageByStageTestSteps.i_have_prepared_test_data_from_file(java.lang.String)"},"keyword":"Given "},{"result":{"duration":57910,"status":"skipped"},"line":33,"name":"I execute the pipeline stage by stage with the test data","match":{"location":"com.prophecy.testing.stepdefinitions.StageByStageTestSteps.i_execute_the_pipeline_stage_by_stage_with_test_data()"},"keyword":"When "},{"result":{"duration":59320,"status":"skipped"},"line":34,"name":"all pipeline stages should execute successfully","match":{"location":"com.prophecy.testing.stepdefinitions.StageByStageTestSteps.all_pipeline_stages_should_execute_successfully()"},"keyword":"Then "}],"tags":[{"name":"@stage-testing"},{"name":"@api"},{"name":"@positive"}]},{"line":7,"name":"","description":"","type":"background","keyword":"Background","steps":[{"result":{"duration":55890,"status":"skipped"},"line":8,"name":"I have an existing pipeline with ID \"customer_processing_pipeline_123\"","match":{"arguments":[{"val":"\"customer_processing_pipeline_123\"","offset":36}],"location":"com.prophecy.testing.stepdefinitions.StageByStageTestSteps.i_have_an_existing_pipeline_with_id(java.lang.String)"},"keyword":"Given "}]},{"start_timestamp":"2025-06-04T21:57:13.676Z","before":[{"result":{"error_message":"org.openqa.selenium.SessionNotCreatedException: Could not start a new session. Response code 500. Message: session not created\nfrom unknown error: cannot find Chrome binary \nHost info: host: 'runtime-swxtlnvtrtahcmhe-55cdc54bc7-mx25l', ip: '10.2.82.11'\nBuild info: version: '4.15.0', revision: '1d14b5521b'\nSystem info: os.name: 'Linux', os.arch: 'amd64', os.version: '5.15.0-1078-gke', java.version: '17.0.15'\nDriver info: org.openqa.selenium.chrome.ChromeDriver\nCommand: [null, newSession {capabilities=[Capabilities {browserName: chrome, goog:chromeOptions: {args: [--no-sandbox, --disable-dev-shm-usage, --disable-gpu, --window-size=1920,1080, --disable-extensions, --disable-web-security, --allow-running-insecure-co...], extensions: []}}]}]\n\tat org.openqa.selenium.remote.ProtocolHandshake.createSession(ProtocolHandshake.java:140)\n\tat org.openqa.selenium.remote.ProtocolHandshake.createSession(ProtocolHandshake.java:96)\n\tat org.openqa.selenium.remote.ProtocolHandshake.createSession(ProtocolHandshake.java:68)\n\tat org.openqa.selenium.remote.HttpCommandExecutor.execute(HttpCommandExecutor.java:163)\n\tat org.openqa.selenium.remote.service.DriverCommandExecutor.invokeExecute(DriverCommandExecutor.java:200)\n\tat org.openqa.selenium.remote.service.DriverCommandExecutor.execute(DriverCommandExecutor.java:175)\n\tat org.openqa.selenium.remote.RemoteWebDriver.execute(RemoteWebDriver.java:607)\n\tat org.openqa.selenium.remote.RemoteWebDriver.startSession(RemoteWebDriver.java:241)\n\tat org.openqa.selenium.remote.RemoteWebDriver.<init>(RemoteWebDriver.java:168)\n\tat org.openqa.selenium.chromium.ChromiumDriver.<init>(ChromiumDriver.java:108)\n\tat org.openqa.selenium.chrome.ChromeDriver.<init>(ChromeDriver.java:89)\n\tat org.openqa.selenium.chrome.ChromeDriver.<init>(ChromeDriver.java:84)\n\tat org.openqa.selenium.chrome.ChromeDriver.<init>(ChromeDriver.java:73)\n\tat com.prophecy.testing.config.WebDriverManager.createDriver(WebDriverManager.java:53)\n\tat com.prophecy.testing.config.WebDriverManager.initializeDriver(WebDriverManager.java:30)\n\tat com.prophecy.testing.hooks.TestHooks.setUp(TestHooks.java:42)\n","duration":154607427,"status":"failed"},"match":{"location":"com.prophecy.testing.hooks.TestHooks.setUp(io.cucumber.java.Scenario)"}},{"result":{"duration":974860,"status":"passed"},"match":{"location":"com.prophecy.testing.hooks.TestHooks.setUpApiTesting(io.cucumber.java.Scenario)"}}],"line":37,"name":"Test individual data source stage","description":"","id":"stage-by-stage-pipeline-testing;test-individual-data-source-stage","after":[{"result":{"duration":770830,"status":"passed"},"match":{"location":"com.prophecy.testing.hooks.TestHooks.tearDown(io.cucumber.java.Scenario)"}}],"type":"scenario","keyword":"Scenario","steps":[{"result":{"duration":55790,"status":"skipped"},"line":38,"name":"I have prepared test data with 500 records matching the pipeline input schema","match":{"arguments":[{"val":"500","offset":31}],"location":"com.prophecy.testing.stepdefinitions.StageByStageTestSteps.i_have_prepared_test_data_with_records_matching_pipeline_input_schema(int)"},"keyword":"Given "},{"result":{"duration":86720,"status":"skipped"},"line":39,"name":"I test stage \"Data Source\" individually with the test data","match":{"arguments":[{"val":"\"Data Source\"","offset":13}],"location":"com.prophecy.testing.stepdefinitions.StageByStageTestSteps.i_test_stage_individually_with_test_data(java.lang.String)"},"keyword":"When "},{"result":{"duration":61310,"status":"skipped"},"line":40,"name":"stage \"Data Source\" should execute successfully","match":{"arguments":[{"val":"\"Data Source\"","offset":6}],"location":"com.prophecy.testing.stepdefinitions.StageByStageTestSteps.stage_should_execute_successfully(java.lang.String)"},"keyword":"Then "},{"result":{"duration":68390,"status":"skipped"},"line":41,"name":"the output data from stage \"Data Source\" should contain 500 records","match":{"arguments":[{"val":"\"Data Source\"","offset":27},{"val":"500","offset":56}],"location":"com.prophecy.testing.stepdefinitions.StageByStageTestSteps.the_output_data_from_stage_should_contain_records(java.lang.String,int)"},"keyword":"And "},{"result":{"duration":43660,"status":"skipped"},"line":42,"name":"the output data from stage \"Data Source\" should match the expected schema","match":{"arguments":[{"val":"\"Data Source\"","offset":27}],"location":"com.prophecy.testing.stepdefinitions.StageByStageTestSteps.the_output_data_from_stage_should_match_expected_schema(java.lang.String)"},"keyword":"And "}],"tags":[{"name":"@stage-testing"},{"name":"@api"},{"name":"@individual-stage"}]},{"line":7,"name":"","description":"","type":"background","keyword":"Background","steps":[{"result":{"duration":44720,"status":"skipped"},"line":8,"name":"I have an existing pipeline with ID \"customer_processing_pipeline_123\"","match":{"arguments":[{"val":"\"customer_processing_pipeline_123\"","offset":36}],"location":"com.prophecy.testing.stepdefinitions.StageByStageTestSteps.i_have_an_existing_pipeline_with_id(java.lang.String)"},"keyword":"Given "}]},{"start_timestamp":"2025-06-04T21:57:13.849Z","before":[{"result":{"error_message":"org.openqa.selenium.SessionNotCreatedException: Could not start a new session. Response code 500. Message: session not created\nfrom unknown error: cannot find Chrome binary \nHost info: host: 'runtime-swxtlnvtrtahcmhe-55cdc54bc7-mx25l', ip: '10.2.82.11'\nBuild info: version: '4.15.0', revision: '1d14b5521b'\nSystem info: os.name: 'Linux', os.arch: 'amd64', os.version: '5.15.0-1078-gke', java.version: '17.0.15'\nDriver info: org.openqa.selenium.chrome.ChromeDriver\nCommand: [null, newSession {capabilities=[Capabilities {browserName: chrome, goog:chromeOptions: {args: [--no-sandbox, --disable-dev-shm-usage, --disable-gpu, --window-size=1920,1080, --disable-extensions, --disable-web-security, --allow-running-insecure-co...], extensions: []}}]}]\n\tat org.openqa.selenium.remote.ProtocolHandshake.createSession(ProtocolHandshake.java:140)\n\tat org.openqa.selenium.remote.ProtocolHandshake.createSession(ProtocolHandshake.java:96)\n\tat org.openqa.selenium.remote.ProtocolHandshake.createSession(ProtocolHandshake.java:68)\n\tat org.openqa.selenium.remote.HttpCommandExecutor.execute(HttpCommandExecutor.java:163)\n\tat org.openqa.selenium.remote.service.DriverCommandExecutor.invokeExecute(DriverCommandExecutor.java:200)\n\tat org.openqa.selenium.remote.service.DriverCommandExecutor.execute(DriverCommandExecutor.java:175)\n\tat org.openqa.selenium.remote.RemoteWebDriver.execute(RemoteWebDriver.java:607)\n\tat org.openqa.selenium.remote.RemoteWebDriver.startSession(RemoteWebDriver.java:241)\n\tat org.openqa.selenium.remote.RemoteWebDriver.<init>(RemoteWebDriver.java:168)\n\tat org.openqa.selenium.chromium.ChromiumDriver.<init>(ChromiumDriver.java:108)\n\tat org.openqa.selenium.chrome.ChromeDriver.<init>(ChromeDriver.java:89)\n\tat org.openqa.selenium.chrome.ChromeDriver.<init>(ChromeDriver.java:84)\n\tat org.openqa.selenium.chrome.ChromeDriver.<init>(ChromeDriver.java:73)\n\tat com.prophecy.testing.config.WebDriverManager.createDriver(WebDriverManager.java:53)\n\tat com.prophecy.testing.config.WebDriverManager.initializeDriver(WebDriverManager.java:30)\n\tat com.prophecy.testing.hooks.TestHooks.setUp(TestHooks.java:42)\n","duration":152417787,"status":"failed"},"match":{"location":"com.prophecy.testing.hooks.TestHooks.setUp(io.cucumber.java.Scenario)"}},{"result":{"duration":468840,"status":"passed"},"match":{"location":"com.prophecy.testing.hooks.TestHooks.setUpApiTesting(io.cucumber.java.Scenario)"}}],"line":45,"name":"Test individual data transformation stage","description":"","id":"stage-by-stage-pipeline-testing;test-individual-data-transformation-stage","after":[{"result":{"duration":738640,"status":"passed"},"match":{"location":"com.prophecy.testing.hooks.TestHooks.tearDown(io.cucumber.java.Scenario)"}}],"type":"scenario","keyword":"Scenario","steps":[{"result":{"duration":40050,"status":"skipped"},"line":46,"name":"I have prepared test data with 1000 records matching the pipeline input schema","match":{"arguments":[{"val":"1000","offset":31}],"location":"com.prophecy.testing.stepdefinitions.StageByStageTestSteps.i_have_prepared_test_data_with_records_matching_pipeline_input_schema(int)"},"keyword":"Given "},{"result":{"duration":38860,"status":"skipped"},"line":47,"name":"I test stage \"Data Cleansing\" individually with the test data","match":{"arguments":[{"val":"\"Data Cleansing\"","offset":13}],"location":"com.prophecy.testing.stepdefinitions.StageByStageTestSteps.i_test_stage_individually_with_test_data(java.lang.String)"},"keyword":"When "},{"result":{"duration":35380,"status":"skipped"},"line":48,"name":"stage \"Data Cleansing\" should execute successfully","match":{"arguments":[{"val":"\"Data Cleansing\"","offset":6}],"location":"com.prophecy.testing.stepdefinitions.StageByStageTestSteps.stage_should_execute_successfully(java.lang.String)"},"keyword":"Then "},{"result":{"duration":38850,"status":"skipped"},"line":49,"name":"the output data from stage \"Data Cleansing\" should match the expected schema","match":{"arguments":[{"val":"\"Data Cleansing\"","offset":27}],"location":"com.prophecy.testing.stepdefinitions.StageByStageTestSteps.the_output_data_from_stage_should_match_expected_schema(java.lang.String)"},"keyword":"And "}],"tags":[{"name":"@stage-testing"},{"name":"@api"},{"name":"@individual-stage"}]},{"line":7,"name":"","description":"","type":"background","keyword":"Background","steps":[{"result":{"duration":38930,"status":"skipped"},"line":8,"name":"I have an existing pipeline with ID \"customer_processing_pipeline_123\"","match":{"arguments":[{"val":"\"customer_processing_pipeline_123\"","offset":36}],"location":"com.prophecy.testing.stepdefinitions.StageByStageTestSteps.i_have_an_existing_pipeline_with_id(java.lang.String)"},"keyword":"Given "}]},{"start_timestamp":"2025-06-04T21:57:14.016Z","before":[{"result":{"error_message":"org.openqa.selenium.SessionNotCreatedException: Could not start a new session. Response code 500. Message: session not created\nfrom unknown error: cannot find Chrome binary \nHost info: host: 'runtime-swxtlnvtrtahcmhe-55cdc54bc7-mx25l', ip: '10.2.82.11'\nBuild info: version: '4.15.0', revision: '1d14b5521b'\nSystem info: os.name: 'Linux', os.arch: 'amd64', os.version: '5.15.0-1078-gke', java.version: '17.0.15'\nDriver info: org.openqa.selenium.chrome.ChromeDriver\nCommand: [null, newSession {capabilities=[Capabilities {browserName: chrome, goog:chromeOptions: {args: [--no-sandbox, --disable-dev-shm-usage, --disable-gpu, --window-size=1920,1080, --disable-extensions, --disable-web-security, --allow-running-insecure-co...], extensions: []}}]}]\n\tat org.openqa.selenium.remote.ProtocolHandshake.createSession(ProtocolHandshake.java:140)\n\tat org.openqa.selenium.remote.ProtocolHandshake.createSession(ProtocolHandshake.java:96)\n\tat org.openqa.selenium.remote.ProtocolHandshake.createSession(ProtocolHandshake.java:68)\n\tat org.openqa.selenium.remote.HttpCommandExecutor.execute(HttpCommandExecutor.java:163)\n\tat org.openqa.selenium.remote.service.DriverCommandExecutor.invokeExecute(DriverCommandExecutor.java:200)\n\tat org.openqa.selenium.remote.service.DriverCommandExecutor.execute(DriverCommandExecutor.java:175)\n\tat org.openqa.selenium.remote.RemoteWebDriver.execute(RemoteWebDriver.java:607)\n\tat org.openqa.selenium.remote.RemoteWebDriver.startSession(RemoteWebDriver.java:241)\n\tat org.openqa.selenium.remote.RemoteWebDriver.<init>(RemoteWebDriver.java:168)\n\tat org.openqa.selenium.chromium.ChromiumDriver.<init>(ChromiumDriver.java:108)\n\tat org.openqa.selenium.chrome.ChromeDriver.<init>(ChromeDriver.java:89)\n\tat org.openqa.selenium.chrome.ChromeDriver.<init>(ChromeDriver.java:84)\n\tat org.openqa.selenium.chrome.ChromeDriver.<init>(ChromeDriver.java:73)\n\tat com.prophecy.testing.config.WebDriverManager.createDriver(WebDriverManager.java:53)\n\tat com.prophecy.testing.config.WebDriverManager.initializeDriver(WebDriverManager.java:30)\n\tat com.prophecy.testing.hooks.TestHooks.setUp(TestHooks.java:42)\n","duration":161202697,"status":"failed"},"match":{"location":"com.prophecy.testing.hooks.TestHooks.setUp(io.cucumber.java.Scenario)"}},{"result":{"duration":436960,"status":"passed"},"match":{"location":"com.prophecy.testing.hooks.TestHooks.setUpApiTesting(io.cucumber.java.Scenario)"}}],"line":52,"name":"Test individual data filter stage","description":"","id":"stage-by-stage-pipeline-testing;test-individual-data-filter-stage","after":[{"result":{"duration":679940,"status":"passed"},"match":{"location":"com.prophecy.testing.hooks.TestHooks.tearDown(io.cucumber.java.Scenario)"}}],"type":"scenario","keyword":"Scenario","steps":[{"result":{"duration":33350,"status":"skipped"},"line":53,"name":"I have prepared test data with 1000 records matching the pipeline input schema","match":{"arguments":[{"val":"1000","offset":31}],"location":"com.prophecy.testing.stepdefinitions.StageByStageTestSteps.i_have_prepared_test_data_with_records_matching_pipeline_input_schema(int)"},"keyword":"Given "},{"result":{"duration":35850,"status":"skipped"},"line":54,"name":"I test stage \"Age Filter\" individually with the test data","match":{"arguments":[{"val":"\"Age Filter\"","offset":13}],"location":"com.prophecy.testing.stepdefinitions.StageByStageTestSteps.i_test_stage_individually_with_test_data(java.lang.String)"},"keyword":"When "},{"result":{"duration":34280,"status":"skipped"},"line":55,"name":"stage \"Age Filter\" should execute successfully","match":{"arguments":[{"val":"\"Age Filter\"","offset":6}],"location":"com.prophecy.testing.stepdefinitions.StageByStageTestSteps.stage_should_execute_successfully(java.lang.String)"},"keyword":"Then "},{"result":{"duration":34600,"status":"skipped"},"line":56,"name":"the output data from stage \"Age Filter\" should contain 800 records","match":{"arguments":[{"val":"\"Age Filter\"","offset":27},{"val":"800","offset":55}],"location":"com.prophecy.testing.stepdefinitions.StageByStageTestSteps.the_output_data_from_stage_should_contain_records(java.lang.String,int)"},"keyword":"And "}],"tags":[{"name":"@stage-testing"},{"name":"@api"},{"name":"@individual-stage"}]},{"line":7,"name":"","description":"","type":"background","keyword":"Background","steps":[{"result":{"duration":52920,"status":"skipped"},"line":8,"name":"I have an existing pipeline with ID \"customer_processing_pipeline_123\"","match":{"arguments":[{"val":"\"customer_processing_pipeline_123\"","offset":36}],"location":"com.prophecy.testing.stepdefinitions.StageByStageTestSteps.i_have_an_existing_pipeline_with_id(java.lang.String)"},"keyword":"Given "}]},{"start_timestamp":"2025-06-04T21:57:14.189Z","before":[{"result":{"error_message":"org.openqa.selenium.SessionNotCreatedException: Could not start a new session. Response code 500. Message: session not created\nfrom unknown error: cannot find Chrome binary \nHost info: host: 'runtime-swxtlnvtrtahcmhe-55cdc54bc7-mx25l', ip: '10.2.82.11'\nBuild info: version: '4.15.0', revision: '1d14b5521b'\nSystem info: os.name: 'Linux', os.arch: 'amd64', os.version: '5.15.0-1078-gke', java.version: '17.0.15'\nDriver info: org.openqa.selenium.chrome.ChromeDriver\nCommand: [null, newSession {capabilities=[Capabilities {browserName: chrome, goog:chromeOptions: {args: [--no-sandbox, --disable-dev-shm-usage, --disable-gpu, --window-size=1920,1080, --disable-extensions, --disable-web-security, --allow-running-insecure-co...], extensions: []}}]}]\n\tat org.openqa.selenium.remote.ProtocolHandshake.createSession(ProtocolHandshake.java:140)\n\tat org.openqa.selenium.remote.ProtocolHandshake.createSession(ProtocolHandshake.java:96)\n\tat org.openqa.selenium.remote.ProtocolHandshake.createSession(ProtocolHandshake.java:68)\n\tat org.openqa.selenium.remote.HttpCommandExecutor.execute(HttpCommandExecutor.java:163)\n\tat org.openqa.selenium.remote.service.DriverCommandExecutor.invokeExecute(DriverCommandExecutor.java:200)\n\tat org.openqa.selenium.remote.service.DriverCommandExecutor.execute(DriverCommandExecutor.java:175)\n\tat org.openqa.selenium.remote.RemoteWebDriver.execute(RemoteWebDriver.java:607)\n\tat org.openqa.selenium.remote.RemoteWebDriver.startSession(RemoteWebDriver.java:241)\n\tat org.openqa.selenium.remote.RemoteWebDriver.<init>(RemoteWebDriver.java:168)\n\tat org.openqa.selenium.chromium.ChromiumDriver.<init>(ChromiumDriver.java:108)\n\tat org.openqa.selenium.chrome.ChromeDriver.<init>(ChromeDriver.java:89)\n\tat org.openqa.selenium.chrome.ChromeDriver.<init>(ChromeDriver.java:84)\n\tat org.openqa.selenium.chrome.ChromeDriver.<init>(ChromeDriver.java:73)\n\tat com.prophecy.testing.config.WebDriverManager.createDriver(WebDriverManager.java:53)\n\tat com.prophecy.testing.config.WebDriverManager.initializeDriver(WebDriverManager.java:30)\n\tat com.prophecy.testing.hooks.TestHooks.setUp(TestHooks.java:42)\n","duration":150301627,"status":"failed"},"match":{"location":"com.prophecy.testing.hooks.TestHooks.setUp(io.cucumber.java.Scenario)"}},{"result":{"duration":535711,"status":"passed"},"match":{"location":"com.prophecy.testing.hooks.TestHooks.setUpApiTesting(io.cucumber.java.Scenario)"}}],"line":59,"name":"Test individual data aggregation stage","description":"","id":"stage-by-stage-pipeline-testing;test-individual-data-aggregation-stage","after":[{"result":{"duration":885860,"status":"passed"},"match":{"location":"com.prophecy.testing.hooks.TestHooks.tearDown(io.cucumber.java.Scenario)"}}],"type":"scenario","keyword":"Scenario","steps":[{"result":{"duration":42130,"status":"skipped"},"line":60,"name":"I have prepared test data with 1000 records matching the pipeline input schema","match":{"arguments":[{"val":"1000","offset":31}],"location":"com.prophecy.testing.stepdefinitions.StageByStageTestSteps.i_have_prepared_test_data_with_records_matching_pipeline_input_schema(int)"},"keyword":"Given "},{"result":{"duration":32130,"status":"skipped"},"line":61,"name":"I test stage \"City Aggregation\" individually with the test data","match":{"arguments":[{"val":"\"City Aggregation\"","offset":13}],"location":"com.prophecy.testing.stepdefinitions.StageByStageTestSteps.i_test_stage_individually_with_test_data(java.lang.String)"},"keyword":"When "},{"result":{"duration":32280,"status":"skipped"},"line":62,"name":"stage \"City Aggregation\" should execute successfully","match":{"arguments":[{"val":"\"City Aggregation\"","offset":6}],"location":"com.prophecy.testing.stepdefinitions.StageByStageTestSteps.stage_should_execute_successfully(java.lang.String)"},"keyword":"Then "},{"result":{"duration":37430,"status":"skipped"},"line":63,"name":"the output data from stage \"City Aggregation\" should match the expected schema","match":{"arguments":[{"val":"\"City Aggregation\"","offset":27}],"location":"com.prophecy.testing.stepdefinitions.StageByStageTestSteps.the_output_data_from_stage_should_match_expected_schema(java.lang.String)"},"keyword":"And "}],"tags":[{"name":"@stage-testing"},{"name":"@api"},{"name":"@individual-stage"}]},{"line":7,"name":"","description":"","type":"background","keyword":"Background","steps":[{"result":{"duration":38820,"status":"skipped"},"line":8,"name":"I have an existing pipeline with ID \"customer_processing_pipeline_123\"","match":{"arguments":[{"val":"\"customer_processing_pipeline_123\"","offset":36}],"location":"com.prophecy.testing.stepdefinitions.StageByStageTestSteps.i_have_an_existing_pipeline_with_id(java.lang.String)"},"keyword":"Given "}]},{"start_timestamp":"2025-06-04T21:57:14.353Z","before":[{"result":{"error_message":"org.openqa.selenium.SessionNotCreatedException: Could not start a new session. Response code 500. Message: session not created\nfrom unknown error: cannot find Chrome binary \nHost info: host: 'runtime-swxtlnvtrtahcmhe-55cdc54bc7-mx25l', ip: '10.2.82.11'\nBuild info: version: '4.15.0', revision: '1d14b5521b'\nSystem info: os.name: 'Linux', os.arch: 'amd64', os.version: '5.15.0-1078-gke', java.version: '17.0.15'\nDriver info: org.openqa.selenium.chrome.ChromeDriver\nCommand: [null, newSession {capabilities=[Capabilities {browserName: chrome, goog:chromeOptions: {args: [--no-sandbox, --disable-dev-shm-usage, --disable-gpu, --window-size=1920,1080, --disable-extensions, --disable-web-security, --allow-running-insecure-co...], extensions: []}}]}]\n\tat org.openqa.selenium.remote.ProtocolHandshake.createSession(ProtocolHandshake.java:140)\n\tat org.openqa.selenium.remote.ProtocolHandshake.createSession(ProtocolHandshake.java:96)\n\tat org.openqa.selenium.remote.ProtocolHandshake.createSession(ProtocolHandshake.java:68)\n\tat org.openqa.selenium.remote.HttpCommandExecutor.execute(HttpCommandExecutor.java:163)\n\tat org.openqa.selenium.remote.service.DriverCommandExecutor.invokeExecute(DriverCommandExecutor.java:200)\n\tat org.openqa.selenium.remote.service.DriverCommandExecutor.execute(DriverCommandExecutor.java:175)\n\tat org.openqa.selenium.remote.RemoteWebDriver.execute(RemoteWebDriver.java:607)\n\tat org.openqa.selenium.remote.RemoteWebDriver.startSession(RemoteWebDriver.java:241)\n\tat org.openqa.selenium.remote.RemoteWebDriver.<init>(RemoteWebDriver.java:168)\n\tat org.openqa.selenium.chromium.ChromiumDriver.<init>(ChromiumDriver.java:108)\n\tat org.openqa.selenium.chrome.ChromeDriver.<init>(ChromeDriver.java:89)\n\tat org.openqa.selenium.chrome.ChromeDriver.<init>(ChromeDriver.java:84)\n\tat org.openqa.selenium.chrome.ChromeDriver.<init>(ChromeDriver.java:73)\n\tat com.prophecy.testing.config.WebDriverManager.createDriver(WebDriverManager.java:53)\n\tat com.prophecy.testing.config.WebDriverManager.initializeDriver(WebDriverManager.java:30)\n\tat com.prophecy.testing.hooks.TestHooks.setUp(TestHooks.java:42)\n","duration":153010908,"status":"failed"},"match":{"location":"com.prophecy.testing.hooks.TestHooks.setUp(io.cucumber.java.Scenario)"}},{"result":{"duration":567180,"status":"passed"},"match":{"location":"com.prophecy.testing.hooks.TestHooks.setUpApiTesting(io.cucumber.java.Scenario)"}}],"line":66,"name":"Test individual data join stage","description":"","id":"stage-by-stage-pipeline-testing;test-individual-data-join-stage","after":[{"result":{"duration":663270,"status":"passed"},"match":{"location":"com.prophecy.testing.hooks.TestHooks.tearDown(io.cucumber.java.Scenario)"}}],"type":"scenario","keyword":"Scenario","steps":[{"result":{"duration":33400,"status":"skipped"},"line":67,"name":"I have prepared test data with 1000 records matching the pipeline input schema","match":{"arguments":[{"val":"1000","offset":31}],"location":"com.prophecy.testing.stepdefinitions.StageByStageTestSteps.i_have_prepared_test_data_with_records_matching_pipeline_input_schema(int)"},"keyword":"Given "},{"result":{"duration":33590,"status":"skipped"},"line":68,"name":"I test stage \"Customer Enrichment\" individually with the test data","match":{"arguments":[{"val":"\"Customer Enrichment\"","offset":13}],"location":"com.prophecy.testing.stepdefinitions.StageByStageTestSteps.i_test_stage_individually_with_test_data(java.lang.String)"},"keyword":"When "},{"result":{"duration":49000,"status":"skipped"},"line":69,"name":"stage \"Customer Enrichment\" should execute successfully","match":{"arguments":[{"val":"\"Customer Enrichment\"","offset":6}],"location":"com.prophecy.testing.stepdefinitions.StageByStageTestSteps.stage_should_execute_successfully(java.lang.String)"},"keyword":"Then "},{"result":{"duration":32290,"status":"skipped"},"line":70,"name":"the output data from stage \"Customer Enrichment\" should match the expected schema","match":{"arguments":[{"val":"\"Customer Enrichment\"","offset":27}],"location":"com.prophecy.testing.stepdefinitions.StageByStageTestSteps.the_output_data_from_stage_should_match_expected_schema(java.lang.String)"},"keyword":"And "}],"tags":[{"name":"@stage-testing"},{"name":"@api"},{"name":"@individual-stage"}]},{"line":7,"name":"","description":"","type":"background","keyword":"Background","steps":[{"result":{"duration":28300,"status":"skipped"},"line":8,"name":"I have an existing pipeline with ID \"customer_processing_pipeline_123\"","match":{"arguments":[{"val":"\"customer_processing_pipeline_123\"","offset":36}],"location":"com.prophecy.testing.stepdefinitions.StageByStageTestSteps.i_have_an_existing_pipeline_with_id(java.lang.String)"},"keyword":"Given "}]},{"start_timestamp":"2025-06-04T21:57:14.519Z","before":[{"result":{"error_message":"org.openqa.selenium.SessionNotCreatedException: Could not start a new session. Response code 500. Message: session not created\nfrom unknown error: cannot find Chrome binary \nHost info: host: 'runtime-swxtlnvtrtahcmhe-55cdc54bc7-mx25l', ip: '10.2.82.11'\nBuild info: version: '4.15.0', revision: '1d14b5521b'\nSystem info: os.name: 'Linux', os.arch: 'amd64', os.version: '5.15.0-1078-gke', java.version: '17.0.15'\nDriver info: org.openqa.selenium.chrome.ChromeDriver\nCommand: [null, newSession {capabilities=[Capabilities {browserName: chrome, goog:chromeOptions: {args: [--no-sandbox, --disable-dev-shm-usage, --disable-gpu, --window-size=1920,1080, --disable-extensions, --disable-web-security, --allow-running-insecure-co...], extensions: []}}]}]\n\tat org.openqa.selenium.remote.ProtocolHandshake.createSession(ProtocolHandshake.java:140)\n\tat org.openqa.selenium.remote.ProtocolHandshake.createSession(ProtocolHandshake.java:96)\n\tat org.openqa.selenium.remote.ProtocolHandshake.createSession(ProtocolHandshake.java:68)\n\tat org.openqa.selenium.remote.HttpCommandExecutor.execute(HttpCommandExecutor.java:163)\n\tat org.openqa.selenium.remote.service.DriverCommandExecutor.invokeExecute(DriverCommandExecutor.java:200)\n\tat org.openqa.selenium.remote.service.DriverCommandExecutor.execute(DriverCommandExecutor.java:175)\n\tat org.openqa.selenium.remote.RemoteWebDriver.execute(RemoteWebDriver.java:607)\n\tat org.openqa.selenium.remote.RemoteWebDriver.startSession(RemoteWebDriver.java:241)\n\tat org.openqa.selenium.remote.RemoteWebDriver.<init>(RemoteWebDriver.java:168)\n\tat org.openqa.selenium.chromium.ChromiumDriver.<init>(ChromiumDriver.java:108)\n\tat org.openqa.selenium.chrome.ChromeDriver.<init>(ChromeDriver.java:89)\n\tat org.openqa.selenium.chrome.ChromeDriver.<init>(ChromeDriver.java:84)\n\tat org.openqa.selenium.chrome.ChromeDriver.<init>(ChromeDriver.java:73)\n\tat com.prophecy.testing.config.WebDriverManager.createDriver(WebDriverManager.java:53)\n\tat com.prophecy.testing.config.WebDriverManager.initializeDriver(WebDriverManager.java:30)\n\tat com.prophecy.testing.hooks.TestHooks.setUp(TestHooks.java:42)\n","duration":149069067,"status":"failed"},"match":{"location":"com.prophecy.testing.hooks.TestHooks.setUp(io.cucumber.java.Scenario)"}},{"result":{"duration":380020,"status":"passed"},"match":{"location":"com.prophecy.testing.hooks.TestHooks.setUpApiTesting(io.cucumber.java.Scenario)"}}],"line":73,"name":"Test pipeline with invalid data format","description":"","id":"stage-by-stage-pipeline-testing;test-pipeline-with-invalid-data-format","after":[{"result":{"duration":599380,"status":"passed"},"match":{"location":"com.prophecy.testing.hooks.TestHooks.tearDown(io.cucumber.java.Scenario)"}}],"type":"scenario","keyword":"Scenario","steps":[{"result":{"duration":32480,"status":"skipped"},"line":74,"name":"I have prepared test data with custom schema:","match":{"location":"com.prophecy.testing.stepdefinitions.StageByStageTestSteps.i_have_prepared_test_data_with_custom_schema(io.cucumber.datatable.DataTable)"},"rows":[{"cells":["Field Name","Data Type","Nullable","Description"]},{"cells":["invalid_id","STRING","false","Invalid ID format"]},{"cells":["bad_email","INTEGER","false","Wrong email type"]}],"keyword":"Given "},{"result":{"duration":26910,"status":"skipped"},"line":78,"name":"I execute the pipeline stage by stage with the test data","match":{"location":"com.prophecy.testing.stepdefinitions.StageByStageTestSteps.i_execute_the_pipeline_stage_by_stage_with_test_data()"},"keyword":"When "},{"result":{"duration":24440,"status":"skipped"},"line":79,"name":"stage \"Data Validation\" should fail with error containing \"schema mismatch\"","match":{"arguments":[{"val":"\"Data Validation\"","offset":6},{"val":"\"schema mismatch\"","offset":58}],"location":"com.prophecy.testing.stepdefinitions.StageByStageTestSteps.stage_should_fail_with_error_containing(java.lang.String,java.lang.String)"},"keyword":"Then "}],"tags":[{"name":"@stage-testing"},{"name":"@api"},{"name":"@negative"}]},{"line":7,"name":"","description":"","type":"background","keyword":"Background","steps":[{"result":{"duration":26850,"status":"skipped"},"line":8,"name":"I have an existing pipeline with ID \"customer_processing_pipeline_123\"","match":{"arguments":[{"val":"\"customer_processing_pipeline_123\"","offset":36}],"location":"com.prophecy.testing.stepdefinitions.StageByStageTestSteps.i_have_an_existing_pipeline_with_id(java.lang.String)"},"keyword":"Given "}]},{"start_timestamp":"2025-06-04T21:57:14.678Z","before":[{"result":{"error_message":"org.openqa.selenium.SessionNotCreatedException: Could not start a new session. Response code 500. Message: session not created\nfrom unknown error: cannot find Chrome binary \nHost info: host: 'runtime-swxtlnvtrtahcmhe-55cdc54bc7-mx25l', ip: '10.2.82.11'\nBuild info: version: '4.15.0', revision: '1d14b5521b'\nSystem info: os.name: 'Linux', os.arch: 'amd64', os.version: '5.15.0-1078-gke', java.version: '17.0.15'\nDriver info: org.openqa.selenium.chrome.ChromeDriver\nCommand: [null, newSession {capabilities=[Capabilities {browserName: chrome, goog:chromeOptions: {args: [--no-sandbox, --disable-dev-shm-usage, --disable-gpu, --window-size=1920,1080, --disable-extensions, --disable-web-security, --allow-running-insecure-co...], extensions: []}}]}]\n\tat org.openqa.selenium.remote.ProtocolHandshake.createSession(ProtocolHandshake.java:140)\n\tat org.openqa.selenium.remote.ProtocolHandshake.createSession(ProtocolHandshake.java:96)\n\tat org.openqa.selenium.remote.ProtocolHandshake.createSession(ProtocolHandshake.java:68)\n\tat org.openqa.selenium.remote.HttpCommandExecutor.execute(HttpCommandExecutor.java:163)\n\tat org.openqa.selenium.remote.service.DriverCommandExecutor.invokeExecute(DriverCommandExecutor.java:200)\n\tat org.openqa.selenium.remote.service.DriverCommandExecutor.execute(DriverCommandExecutor.java:175)\n\tat org.openqa.selenium.remote.RemoteWebDriver.execute(RemoteWebDriver.java:607)\n\tat org.openqa.selenium.remote.RemoteWebDriver.startSession(RemoteWebDriver.java:241)\n\tat org.openqa.selenium.remote.RemoteWebDriver.<init>(RemoteWebDriver.java:168)\n\tat org.openqa.selenium.chromium.ChromiumDriver.<init>(ChromiumDriver.java:108)\n\tat org.openqa.selenium.chrome.ChromeDriver.<init>(ChromeDriver.java:89)\n\tat org.openqa.selenium.chrome.ChromeDriver.<init>(ChromeDriver.java:84)\n\tat org.openqa.selenium.chrome.ChromeDriver.<init>(ChromeDriver.java:73)\n\tat com.prophecy.testing.config.WebDriverManager.createDriver(WebDriverManager.java:53)\n\tat com.prophecy.testing.config.WebDriverManager.initializeDriver(WebDriverManager.java:30)\n\tat com.prophecy.testing.hooks.TestHooks.setUp(TestHooks.java:42)\n","duration":146151228,"status":"failed"},"match":{"location":"com.prophecy.testing.hooks.TestHooks.setUp(io.cucumber.java.Scenario)"}},{"result":{"duration":344310,"status":"passed"},"match":{"location":"com.prophecy.testing.hooks.TestHooks.setUpApiTesting(io.cucumber.java.Scenario)"}}],"line":82,"name":"Test pipeline with missing required fields","description":"","id":"stage-by-stage-pipeline-testing;test-pipeline-with-missing-required-fields","after":[{"result":{"duration":480000,"status":"passed"},"match":{"location":"com.prophecy.testing.hooks.TestHooks.tearDown(io.cucumber.java.Scenario)"}}],"type":"scenario","keyword":"Scenario","steps":[{"result":{"duration":20210,"status":"skipped"},"line":83,"name":"I have prepared test data with custom schema:","match":{"location":"com.prophecy.testing.stepdefinitions.StageByStageTestSteps.i_have_prepared_test_data_with_custom_schema(io.cucumber.datatable.DataTable)"},"rows":[{"cells":["Field Name","Data Type","Nullable","Description"]},{"cells":["partial_id","INTEGER","true","Incomplete data"]}],"keyword":"Given "},{"result":{"duration":43720,"status":"skipped"},"line":86,"name":"I execute the pipeline stage by stage with the test data","match":{"location":"com.prophecy.testing.stepdefinitions.StageByStageTestSteps.i_execute_the_pipeline_stage_by_stage_with_test_data()"},"keyword":"When "},{"result":{"duration":27990,"status":"skipped"},"line":87,"name":"stage \"Data Validation\" should fail with error containing \"missing required fields\"","match":{"arguments":[{"val":"\"Data Validation\"","offset":6},{"val":"\"missing required fields\"","offset":58}],"location":"com.prophecy.testing.stepdefinitions.StageByStageTestSteps.stage_should_fail_with_error_containing(java.lang.String,java.lang.String)"},"keyword":"Then "}],"tags":[{"name":"@stage-testing"},{"name":"@api"},{"name":"@negative"}]},{"line":7,"name":"","description":"","type":"background","keyword":"Background","steps":[{"result":{"duration":27470,"status":"skipped"},"line":8,"name":"I have an existing pipeline with ID \"customer_processing_pipeline_123\"","match":{"arguments":[{"val":"\"customer_processing_pipeline_123\"","offset":36}],"location":"com.prophecy.testing.stepdefinitions.StageByStageTestSteps.i_have_an_existing_pipeline_with_id(java.lang.String)"},"keyword":"Given "}]},{"start_timestamp":"2025-06-04T21:57:14.834Z","before":[{"result":{"error_message":"org.openqa.selenium.SessionNotCreatedException: Could not start a new session. Response code 500. Message: session not created\nfrom unknown error: cannot find Chrome binary \nHost info: host: 'runtime-swxtlnvtrtahcmhe-55cdc54bc7-mx25l', ip: '10.2.82.11'\nBuild info: version: '4.15.0', revision: '1d14b5521b'\nSystem info: os.name: 'Linux', os.arch: 'amd64', os.version: '5.15.0-1078-gke', java.version: '17.0.15'\nDriver info: org.openqa.selenium.chrome.ChromeDriver\nCommand: [null, newSession {capabilities=[Capabilities {browserName: chrome, goog:chromeOptions: {args: [--no-sandbox, --disable-dev-shm-usage, --disable-gpu, --window-size=1920,1080, --disable-extensions, --disable-web-security, --allow-running-insecure-co...], extensions: []}}]}]\n\tat org.openqa.selenium.remote.ProtocolHandshake.createSession(ProtocolHandshake.java:140)\n\tat org.openqa.selenium.remote.ProtocolHandshake.createSession(ProtocolHandshake.java:96)\n\tat org.openqa.selenium.remote.ProtocolHandshake.createSession(ProtocolHandshake.java:68)\n\tat org.openqa.selenium.remote.HttpCommandExecutor.execute(HttpCommandExecutor.java:163)\n\tat org.openqa.selenium.remote.service.DriverCommandExecutor.invokeExecute(DriverCommandExecutor.java:200)\n\tat org.openqa.selenium.remote.service.DriverCommandExecutor.execute(DriverCommandExecutor.java:175)\n\tat org.openqa.selenium.remote.RemoteWebDriver.execute(RemoteWebDriver.java:607)\n\tat org.openqa.selenium.remote.RemoteWebDriver.startSession(RemoteWebDriver.java:241)\n\tat org.openqa.selenium.remote.RemoteWebDriver.<init>(RemoteWebDriver.java:168)\n\tat org.openqa.selenium.chromium.ChromiumDriver.<init>(ChromiumDriver.java:108)\n\tat org.openqa.selenium.chrome.ChromeDriver.<init>(ChromeDriver.java:89)\n\tat org.openqa.selenium.chrome.ChromeDriver.<init>(ChromeDriver.java:84)\n\tat org.openqa.selenium.chrome.ChromeDriver.<init>(ChromeDriver.java:73)\n\tat com.prophecy.testing.config.WebDriverManager.createDriver(WebDriverManager.java:53)\n\tat com.prophecy.testing.config.WebDriverManager.initializeDriver(WebDriverManager.java:30)\n\tat com.prophecy.testing.hooks.TestHooks.setUp(TestHooks.java:42)\n","duration":157538137,"status":"failed"},"match":{"location":"com.prophecy.testing.hooks.TestHooks.setUp(io.cucumber.java.Scenario)"}},{"result":{"duration":492810,"status":"passed"},"match":{"location":"com.prophecy.testing.hooks.TestHooks.setUpPerformanceMonitoring(io.cucumber.java.Scenario)"}},{"result":{"duration":226430,"status":"passed"},"match":{"location":"com.prophecy.testing.hooks.TestHooks.setUpApiTesting(io.cucumber.java.Scenario)"}}],"line":90,"name":"Test pipeline performance with large dataset","description":"","id":"stage-by-stage-pipeline-testing;test-pipeline-performance-with-large-dataset","after":[{"result":{"duration":210570,"status":"passed"},"match":{"location":"com.prophecy.testing.hooks.TestHooks.tearDownPerformanceMonitoring(io.cucumber.java.Scenario)"}},{"result":{"duration":569300,"status":"passed"},"match":{"location":"com.prophecy.testing.hooks.TestHooks.tearDown(io.cucumber.java.Scenario)"}}],"type":"scenario","keyword":"Scenario","steps":[{"result":{"duration":33140,"status":"skipped"},"line":91,"name":"I have prepared test data with 100000 records matching the pipeline input schema","match":{"arguments":[{"val":"100000","offset":31}],"location":"com.prophecy.testing.stepdefinitions.StageByStageTestSteps.i_have_prepared_test_data_with_records_matching_pipeline_input_schema(int)"},"keyword":"Given "},{"result":{"duration":29050,"status":"skipped"},"line":92,"name":"I execute the pipeline stage by stage with the test data","match":{"location":"com.prophecy.testing.stepdefinitions.StageByStageTestSteps.i_execute_the_pipeline_stage_by_stage_with_test_data()"},"keyword":"When "},{"result":{"duration":24420,"status":"skipped"},"line":93,"name":"all pipeline stages should execute successfully","match":{"location":"com.prophecy.testing.stepdefinitions.StageByStageTestSteps.all_pipeline_stages_should_execute_successfully()"},"keyword":"Then "},{"result":{"duration":17240,"status":"skipped"},"line":94,"name":"the pipeline should process data within 300 seconds","match":{"arguments":[{"val":"300","offset":40}],"location":"com.prophecy.testing.stepdefinitions.StageByStageTestSteps.the_pipeline_should_process_data_within_seconds(int)"},"keyword":"And "},{"result":{"duration":17850,"status":"skipped"},"line":95,"name":"I should be able to trace data flow through all stages","match":{"location":"com.prophecy.testing.stepdefinitions.StageByStageTestSteps.i_should_be_able_to_trace_data_flow_through_all_stages()"},"keyword":"And "}],"tags":[{"name":"@stage-testing"},{"name":"@api"},{"name":"@performance"}]},{"line":7,"name":"","description":"","type":"background","keyword":"Background","steps":[{"result":{"duration":44640,"status":"skipped"},"line":8,"name":"I have an existing pipeline with ID \"customer_processing_pipeline_123\"","match":{"arguments":[{"val":"\"customer_processing_pipeline_123\"","offset":36}],"location":"com.prophecy.testing.stepdefinitions.StageByStageTestSteps.i_have_an_existing_pipeline_with_id(java.lang.String)"},"keyword":"Given "}]},{"start_timestamp":"2025-06-04T21:57:15.002Z","before":[{"result":{"error_message":"org.openqa.selenium.SessionNotCreatedException: Could not start a new session. Response code 500. Message: session not created\nfrom unknown error: cannot find Chrome binary \nHost info: host: 'runtime-swxtlnvtrtahcmhe-55cdc54bc7-mx25l', ip: '10.2.82.11'\nBuild info: version: '4.15.0', revision: '1d14b5521b'\nSystem info: os.name: 'Linux', os.arch: 'amd64', os.version: '5.15.0-1078-gke', java.version: '17.0.15'\nDriver info: org.openqa.selenium.chrome.ChromeDriver\nCommand: [null, newSession {capabilities=[Capabilities {browserName: chrome, goog:chromeOptions: {args: [--no-sandbox, --disable-dev-shm-usage, --disable-gpu, --window-size=1920,1080, --disable-extensions, --disable-web-security, --allow-running-insecure-co...], extensions: []}}]}]\n\tat org.openqa.selenium.remote.ProtocolHandshake.createSession(ProtocolHandshake.java:140)\n\tat org.openqa.selenium.remote.ProtocolHandshake.createSession(ProtocolHandshake.java:96)\n\tat org.openqa.selenium.remote.ProtocolHandshake.createSession(ProtocolHandshake.java:68)\n\tat org.openqa.selenium.remote.HttpCommandExecutor.execute(HttpCommandExecutor.java:163)\n\tat org.openqa.selenium.remote.service.DriverCommandExecutor.invokeExecute(DriverCommandExecutor.java:200)\n\tat org.openqa.selenium.remote.service.DriverCommandExecutor.execute(DriverCommandExecutor.java:175)\n\tat org.openqa.selenium.remote.RemoteWebDriver.execute(RemoteWebDriver.java:607)\n\tat org.openqa.selenium.remote.RemoteWebDriver.startSession(RemoteWebDriver.java:241)\n\tat org.openqa.selenium.remote.RemoteWebDriver.<init>(RemoteWebDriver.java:168)\n\tat org.openqa.selenium.chromium.ChromiumDriver.<init>(ChromiumDriver.java:108)\n\tat org.openqa.selenium.chrome.ChromeDriver.<init>(ChromeDriver.java:89)\n\tat org.openqa.selenium.chrome.ChromeDriver.<init>(ChromeDriver.java:84)\n\tat org.openqa.selenium.chrome.ChromeDriver.<init>(ChromeDriver.java:73)\n\tat com.prophecy.testing.config.WebDriverManager.createDriver(WebDriverManager.java:53)\n\tat com.prophecy.testing.config.WebDriverManager.initializeDriver(WebDriverManager.java:30)\n\tat com.prophecy.testing.hooks.TestHooks.setUp(TestHooks.java:42)\n","duration":141362657,"status":"failed"},"match":{"location":"com.prophecy.testing.hooks.TestHooks.setUp(io.cucumber.java.Scenario)"}},{"result":{"duration":458480,"status":"passed"},"match":{"location":"com.prophecy.testing.hooks.TestHooks.setUpApiTesting(io.cucumber.java.Scenario)"}}],"line":98,"name":"Test data quality at each stage","description":"","id":"stage-by-stage-pipeline-testing;test-data-quality-at-each-stage","after":[{"result":{"duration":638980,"status":"passed"},"match":{"location":"com.prophecy.testing.hooks.TestHooks.tearDown(io.cucumber.java.Scenario)"}}],"type":"scenario","keyword":"Scenario","steps":[{"result":{"duration":35320,"status":"skipped"},"line":99,"name":"I have prepared test data with 1000 records matching the pipeline input schema","match":{"arguments":[{"val":"1000","offset":31}],"location":"com.prophecy.testing.stepdefinitions.StageByStageTestSteps.i_have_prepared_test_data_with_records_matching_pipeline_input_schema(int)"},"keyword":"Given "},{"result":{"duration":26790,"status":"skipped"},"line":100,"name":"I execute the pipeline stage by stage with the test data","match":{"location":"com.prophecy.testing.stepdefinitions.StageByStageTestSteps.i_execute_the_pipeline_stage_by_stage_with_test_data()"},"keyword":"When "},{"result":{"duration":45900,"status":"skipped"},"line":101,"name":"all pipeline stages should execute successfully","match":{"location":"com.prophecy.testing.stepdefinitions.StageByStageTestSteps.all_pipeline_stages_should_execute_successfully()"},"keyword":"Then "},{"result":{"duration":27480,"status":"skipped"},"line":102,"name":"the output data from stage \"Data Source\" should contain 1000 records","match":{"arguments":[{"val":"\"Data Source\"","offset":27},{"val":"1000","offset":56}],"location":"com.prophecy.testing.stepdefinitions.StageByStageTestSteps.the_output_data_from_stage_should_contain_records(java.lang.String,int)"},"keyword":"And "},{"result":{"duration":25530,"status":"skipped"},"line":103,"name":"the output data from stage \"Data Cleansing\" should contain 950 records","match":{"arguments":[{"val":"\"Data Cleansing\"","offset":27},{"val":"950","offset":59}],"location":"com.prophecy.testing.stepdefinitions.StageByStageTestSteps.the_output_data_from_stage_should_contain_records(java.lang.String,int)"},"keyword":"And "},{"result":{"duration":24160,"status":"skipped"},"line":104,"name":"the output data from stage \"Age Filter\" should contain 800 records","match":{"arguments":[{"val":"\"Age Filter\"","offset":27},{"val":"800","offset":55}],"location":"com.prophecy.testing.stepdefinitions.StageByStageTestSteps.the_output_data_from_stage_should_contain_records(java.lang.String,int)"},"keyword":"And "},{"result":{"duration":23930,"status":"skipped"},"line":105,"name":"the output data from stage \"Final Output\" should contain 800 records","match":{"arguments":[{"val":"\"Final Output\"","offset":27},{"val":"800","offset":57}],"location":"com.prophecy.testing.stepdefinitions.StageByStageTestSteps.the_output_data_from_stage_should_contain_records(java.lang.String,int)"},"keyword":"And "}],"tags":[{"name":"@stage-testing"},{"name":"@api"},{"name":"@data-quality"}]},{"line":7,"name":"","description":"","type":"background","keyword":"Background","steps":[{"result":{"duration":20080,"status":"skipped"},"line":8,"name":"I have an existing pipeline with ID \"customer_processing_pipeline_123\"","match":{"arguments":[{"val":"\"customer_processing_pipeline_123\"","offset":36}],"location":"com.prophecy.testing.stepdefinitions.StageByStageTestSteps.i_have_an_existing_pipeline_with_id(java.lang.String)"},"keyword":"Given "}]},{"start_timestamp":"2025-06-04T21:57:15.153Z","before":[{"result":{"error_message":"org.openqa.selenium.SessionNotCreatedException: Could not start a new session. Response code 500. Message: session not created\nfrom unknown error: cannot find Chrome binary \nHost info: host: 'runtime-swxtlnvtrtahcmhe-55cdc54bc7-mx25l', ip: '10.2.82.11'\nBuild info: version: '4.15.0', revision: '1d14b5521b'\nSystem info: os.name: 'Linux', os.arch: 'amd64', os.version: '5.15.0-1078-gke', java.version: '17.0.15'\nDriver info: org.openqa.selenium.chrome.ChromeDriver\nCommand: [null, newSession {capabilities=[Capabilities {browserName: chrome, goog:chromeOptions: {args: [--no-sandbox, --disable-dev-shm-usage, --disable-gpu, --window-size=1920,1080, --disable-extensions, --disable-web-security, --allow-running-insecure-co...], extensions: []}}]}]\n\tat org.openqa.selenium.remote.ProtocolHandshake.createSession(ProtocolHandshake.java:140)\n\tat org.openqa.selenium.remote.ProtocolHandshake.createSession(ProtocolHandshake.java:96)\n\tat org.openqa.selenium.remote.ProtocolHandshake.createSession(ProtocolHandshake.java:68)\n\tat org.openqa.selenium.remote.HttpCommandExecutor.execute(HttpCommandExecutor.java:163)\n\tat org.openqa.selenium.remote.service.DriverCommandExecutor.invokeExecute(DriverCommandExecutor.java:200)\n\tat org.openqa.selenium.remote.service.DriverCommandExecutor.execute(DriverCommandExecutor.java:175)\n\tat org.openqa.selenium.remote.RemoteWebDriver.execute(RemoteWebDriver.java:607)\n\tat org.openqa.selenium.remote.RemoteWebDriver.startSession(RemoteWebDriver.java:241)\n\tat org.openqa.selenium.remote.RemoteWebDriver.<init>(RemoteWebDriver.java:168)\n\tat org.openqa.selenium.chromium.ChromiumDriver.<init>(ChromiumDriver.java:108)\n\tat org.openqa.selenium.chrome.ChromeDriver.<init>(ChromeDriver.java:89)\n\tat org.openqa.selenium.chrome.ChromeDriver.<init>(ChromeDriver.java:84)\n\tat org.openqa.selenium.chrome.ChromeDriver.<init>(ChromeDriver.java:73)\n\tat com.prophecy.testing.config.WebDriverManager.createDriver(WebDriverManager.java:53)\n\tat com.prophecy.testing.config.WebDriverManager.initializeDriver(WebDriverManager.java:30)\n\tat com.prophecy.testing.hooks.TestHooks.setUp(TestHooks.java:42)\n","duration":150897327,"status":"failed"},"match":{"location":"com.prophecy.testing.hooks.TestHooks.setUp(io.cucumber.java.Scenario)"}},{"result":{"duration":321970,"status":"passed"},"match":{"location":"com.prophecy.testing.hooks.TestHooks.setUpApiTesting(io.cucumber.java.Scenario)"}}],"line":116,"name":"Test pipeline with different data volumes","description":"","id":"stage-by-stage-pipeline-testing;test-pipeline-with-different-data-volumes;;2","after":[{"result":{"duration":480920,"status":"passed"},"match":{"location":"com.prophecy.testing.hooks.TestHooks.tearDown(io.cucumber.java.Scenario)"}}],"type":"scenario","keyword":"Scenario Outline","steps":[{"result":{"duration":30500,"status":"skipped"},"line":109,"name":"I have prepared test data with 10 records matching the pipeline input schema","match":{"arguments":[{"val":"10","offset":31}],"location":"com.prophecy.testing.stepdefinitions.StageByStageTestSteps.i_have_prepared_test_data_with_records_matching_pipeline_input_schema(int)"},"keyword":"Given "},{"result":{"duration":18950,"status":"skipped"},"line":110,"name":"I execute the pipeline stage by stage with the test data","match":{"location":"com.prophecy.testing.stepdefinitions.StageByStageTestSteps.i_execute_the_pipeline_stage_by_stage_with_test_data()"},"keyword":"When "},{"result":{"duration":34820,"status":"skipped"},"line":111,"name":"all pipeline stages should execute successfully","match":{"location":"com.prophecy.testing.stepdefinitions.StageByStageTestSteps.all_pipeline_stages_should_execute_successfully()"},"keyword":"Then "},{"result":{"duration":19840,"status":"skipped"},"line":112,"name":"I should be able to trace data flow through all stages","match":{"location":"com.prophecy.testing.stepdefinitions.StageByStageTestSteps.i_should_be_able_to_trace_data_flow_through_all_stages()"},"keyword":"And "}],"tags":[{"name":"@stage-testing"},{"name":"@api"},{"name":"@regression"}]},{"line":7,"name":"","description":"","type":"background","keyword":"Background","steps":[{"result":{"duration":30700,"status":"skipped"},"line":8,"name":"I have an existing pipeline with ID \"customer_processing_pipeline_123\"","match":{"arguments":[{"val":"\"customer_processing_pipeline_123\"","offset":36}],"location":"com.prophecy.testing.stepdefinitions.StageByStageTestSteps.i_have_an_existing_pipeline_with_id(java.lang.String)"},"keyword":"Given "}]},{"start_timestamp":"2025-06-04T21:57:15.311Z","before":[{"result":{"error_message":"org.openqa.selenium.SessionNotCreatedException: Could not start a new session. Response code 500. Message: session not created\nfrom unknown error: cannot find Chrome binary \nHost info: host: 'runtime-swxtlnvtrtahcmhe-55cdc54bc7-mx25l', ip: '10.2.82.11'\nBuild info: version: '4.15.0', revision: '1d14b5521b'\nSystem info: os.name: 'Linux', os.arch: 'amd64', os.version: '5.15.0-1078-gke', java.version: '17.0.15'\nDriver info: org.openqa.selenium.chrome.ChromeDriver\nCommand: [null, newSession {capabilities=[Capabilities {browserName: chrome, goog:chromeOptions: {args: [--no-sandbox, --disable-dev-shm-usage, --disable-gpu, --window-size=1920,1080, --disable-extensions, --disable-web-security, --allow-running-insecure-co...], extensions: []}}]}]\n\tat org.openqa.selenium.remote.ProtocolHandshake.createSession(ProtocolHandshake.java:140)\n\tat org.openqa.selenium.remote.ProtocolHandshake.createSession(ProtocolHandshake.java:96)\n\tat org.openqa.selenium.remote.ProtocolHandshake.createSession(ProtocolHandshake.java:68)\n\tat org.openqa.selenium.remote.HttpCommandExecutor.execute(HttpCommandExecutor.java:163)\n\tat org.openqa.selenium.remote.service.DriverCommandExecutor.invokeExecute(DriverCommandExecutor.java:200)\n\tat org.openqa.selenium.remote.service.DriverCommandExecutor.execute(DriverCommandExecutor.java:175)\n\tat org.openqa.selenium.remote.RemoteWebDriver.execute(RemoteWebDriver.java:607)\n\tat org.openqa.selenium.remote.RemoteWebDriver.startSession(RemoteWebDriver.java:241)\n\tat org.openqa.selenium.remote.RemoteWebDriver.<init>(RemoteWebDriver.java:168)\n\tat org.openqa.selenium.chromium.ChromiumDriver.<init>(ChromiumDriver.java:108)\n\tat org.openqa.selenium.chrome.ChromeDriver.<init>(ChromeDriver.java:89)\n\tat org.openqa.selenium.chrome.ChromeDriver.<init>(ChromeDriver.java:84)\n\tat org.openqa.selenium.chrome.ChromeDriver.<init>(ChromeDriver.java:73)\n\tat com.prophecy.testing.config.WebDriverManager.createDriver(WebDriverManager.java:53)\n\tat com.prophecy.testing.config.WebDriverManager.initializeDriver(WebDriverManager.java:30)\n\tat com.prophecy.testing.hooks.TestHooks.setUp(TestHooks.java:42)\n","duration":145921417,"status":"failed"},"match":{"location":"com.prophecy.testing.hooks.TestHooks.setUp(io.cucumber.java.Scenario)"}},{"result":{"duration":346940,"status":"passed"},"match":{"location":"com.prophecy.testing.hooks.TestHooks.setUpApiTesting(io.cucumber.java.Scenario)"}}],"line":117,"name":"Test pipeline with different data volumes","description":"","id":"stage-by-stage-pipeline-testing;test-pipeline-with-different-data-volumes;;3","after":[{"result":{"duration":465360,"status":"passed"},"match":{"location":"com.prophecy.testing.hooks.TestHooks.tearDown(io.cucumber.java.Scenario)"}}],"type":"scenario","keyword":"Scenario Outline","steps":[{"result":{"duration":22980,"status":"skipped"},"line":109,"name":"I have prepared test data with 100 records matching the pipeline input schema","match":{"arguments":[{"val":"100","offset":31}],"location":"com.prophecy.testing.stepdefinitions.StageByStageTestSteps.i_have_prepared_test_data_with_records_matching_pipeline_input_schema(int)"},"keyword":"Given "},{"result":{"duration":24730,"status":"skipped"},"line":110,"name":"I execute the pipeline stage by stage with the test data","match":{"location":"com.prophecy.testing.stepdefinitions.StageByStageTestSteps.i_execute_the_pipeline_stage_by_stage_with_test_data()"},"keyword":"When "},{"result":{"duration":22580,"status":"skipped"},"line":111,"name":"all pipeline stages should execute successfully","match":{"location":"com.prophecy.testing.stepdefinitions.StageByStageTestSteps.all_pipeline_stages_should_execute_successfully()"},"keyword":"Then "},{"result":{"duration":22170,"status":"skipped"},"line":112,"name":"I should be able to trace data flow through all stages","match":{"location":"com.prophecy.testing.stepdefinitions.StageByStageTestSteps.i_should_be_able_to_trace_data_flow_through_all_stages()"},"keyword":"And "}],"tags":[{"name":"@stage-testing"},{"name":"@api"},{"name":"@regression"}]},{"line":7,"name":"","description":"","type":"background","keyword":"Background","steps":[{"result":{"duration":28080,"status":"skipped"},"line":8,"name":"I have an existing pipeline with ID \"customer_processing_pipeline_123\"","match":{"arguments":[{"val":"\"customer_processing_pipeline_123\"","offset":36}],"location":"com.prophecy.testing.stepdefinitions.StageByStageTestSteps.i_have_an_existing_pipeline_with_id(java.lang.String)"},"keyword":"Given "}]},{"start_timestamp":"2025-06-04T21:57:15.464Z","before":[{"result":{"error_message":"org.openqa.selenium.SessionNotCreatedException: Could not start a new session. Response code 500. Message: session not created\nfrom unknown error: cannot find Chrome binary \nHost info: host: 'runtime-swxtlnvtrtahcmhe-55cdc54bc7-mx25l', ip: '10.2.82.11'\nBuild info: version: '4.15.0', revision: '1d14b5521b'\nSystem info: os.name: 'Linux', os.arch: 'amd64', os.version: '5.15.0-1078-gke', java.version: '17.0.15'\nDriver info: org.openqa.selenium.chrome.ChromeDriver\nCommand: [null, newSession {capabilities=[Capabilities {browserName: chrome, goog:chromeOptions: {args: [--no-sandbox, --disable-dev-shm-usage, --disable-gpu, --window-size=1920,1080, --disable-extensions, --disable-web-security, --allow-running-insecure-co...], extensions: []}}]}]\n\tat org.openqa.selenium.remote.ProtocolHandshake.createSession(ProtocolHandshake.java:140)\n\tat org.openqa.selenium.remote.ProtocolHandshake.createSession(ProtocolHandshake.java:96)\n\tat org.openqa.selenium.remote.ProtocolHandshake.createSession(ProtocolHandshake.java:68)\n\tat org.openqa.selenium.remote.HttpCommandExecutor.execute(HttpCommandExecutor.java:163)\n\tat org.openqa.selenium.remote.service.DriverCommandExecutor.invokeExecute(DriverCommandExecutor.java:200)\n\tat org.openqa.selenium.remote.service.DriverCommandExecutor.execute(DriverCommandExecutor.java:175)\n\tat org.openqa.selenium.remote.RemoteWebDriver.execute(RemoteWebDriver.java:607)\n\tat org.openqa.selenium.remote.RemoteWebDriver.startSession(RemoteWebDriver.java:241)\n\tat org.openqa.selenium.remote.RemoteWebDriver.<init>(RemoteWebDriver.java:168)\n\tat org.openqa.selenium.chromium.ChromiumDriver.<init>(ChromiumDriver.java:108)\n\tat org.openqa.selenium.chrome.ChromeDriver.<init>(ChromeDriver.java:89)\n\tat org.openqa.selenium.chrome.ChromeDriver.<init>(ChromeDriver.java:84)\n\tat org.openqa.selenium.chrome.ChromeDriver.<init>(ChromeDriver.java:73)\n\tat com.prophecy.testing.config.WebDriverManager.createDriver(WebDriverManager.java:53)\n\tat com.prophecy.testing.config.WebDriverManager.initializeDriver(WebDriverManager.java:30)\n\tat com.prophecy.testing.hooks.TestHooks.setUp(TestHooks.java:42)\n","duration":167091497,"status":"failed"},"match":{"location":"com.prophecy.testing.hooks.TestHooks.setUp(io.cucumber.java.Scenario)"}},{"result":{"duration":460890,"status":"passed"},"match":{"location":"com.prophecy.testing.hooks.TestHooks.setUpApiTesting(io.cucumber.java.Scenario)"}}],"line":118,"name":"Test pipeline with different data volumes","description":"","id":"stage-by-stage-pipeline-testing;test-pipeline-with-different-data-volumes;;4","after":[{"result":{"duration":561380,"status":"passed"},"match":{"location":"com.prophecy.testing.hooks.TestHooks.tearDown(io.cucumber.java.Scenario)"}}],"type":"scenario","keyword":"Scenario Outline","steps":[{"result":{"duration":22800,"status":"skipped"},"line":109,"name":"I have prepared test data with 1000 records matching the pipeline input schema","match":{"arguments":[{"val":"1000","offset":31}],"location":"com.prophecy.testing.stepdefinitions.StageByStageTestSteps.i_have_prepared_test_data_with_records_matching_pipeline_input_schema(int)"},"keyword":"Given "},{"result":{"duration":21580,"status":"skipped"},"line":110,"name":"I execute the pipeline stage by stage with the test data","match":{"location":"com.prophecy.testing.stepdefinitions.StageByStageTestSteps.i_execute_the_pipeline_stage_by_stage_with_test_data()"},"keyword":"When "},{"result":{"duration":20920,"status":"skipped"},"line":111,"name":"all pipeline stages should execute successfully","match":{"location":"com.prophecy.testing.stepdefinitions.StageByStageTestSteps.all_pipeline_stages_should_execute_successfully()"},"keyword":"Then "},{"result":{"duration":21930,"status":"skipped"},"line":112,"name":"I should be able to trace data flow through all stages","match":{"location":"com.prophecy.testing.stepdefinitions.StageByStageTestSteps.i_should_be_able_to_trace_data_flow_through_all_stages()"},"keyword":"And "}],"tags":[{"name":"@stage-testing"},{"name":"@api"},{"name":"@regression"}]},{"line":7,"name":"","description":"","type":"background","keyword":"Background","steps":[{"result":{"duration":28350,"status":"skipped"},"line":8,"name":"I have an existing pipeline with ID \"customer_processing_pipeline_123\"","match":{"arguments":[{"val":"\"customer_processing_pipeline_123\"","offset":36}],"location":"com.prophecy.testing.stepdefinitions.StageByStageTestSteps.i_have_an_existing_pipeline_with_id(java.lang.String)"},"keyword":"Given "}]},{"start_timestamp":"2025-06-04T21:57:15.639Z","before":[{"result":{"error_message":"org.openqa.selenium.SessionNotCreatedException: Could not start a new session. Response code 500. Message: session not created\nfrom unknown error: cannot find Chrome binary \nHost info: host: 'runtime-swxtlnvtrtahcmhe-55cdc54bc7-mx25l', ip: '10.2.82.11'\nBuild info: version: '4.15.0', revision: '1d14b5521b'\nSystem info: os.name: 'Linux', os.arch: 'amd64', os.version: '5.15.0-1078-gke', java.version: '17.0.15'\nDriver info: org.openqa.selenium.chrome.ChromeDriver\nCommand: [null, newSession {capabilities=[Capabilities {browserName: chrome, goog:chromeOptions: {args: [--no-sandbox, --disable-dev-shm-usage, --disable-gpu, --window-size=1920,1080, --disable-extensions, --disable-web-security, --allow-running-insecure-co...], extensions: []}}]}]\n\tat org.openqa.selenium.remote.ProtocolHandshake.createSession(ProtocolHandshake.java:140)\n\tat org.openqa.selenium.remote.ProtocolHandshake.createSession(ProtocolHandshake.java:96)\n\tat org.openqa.selenium.remote.ProtocolHandshake.createSession(ProtocolHandshake.java:68)\n\tat org.openqa.selenium.remote.HttpCommandExecutor.execute(HttpCommandExecutor.java:163)\n\tat org.openqa.selenium.remote.service.DriverCommandExecutor.invokeExecute(DriverCommandExecutor.java:200)\n\tat org.openqa.selenium.remote.service.DriverCommandExecutor.execute(DriverCommandExecutor.java:175)\n\tat org.openqa.selenium.remote.RemoteWebDriver.execute(RemoteWebDriver.java:607)\n\tat org.openqa.selenium.remote.RemoteWebDriver.startSession(RemoteWebDriver.java:241)\n\tat org.openqa.selenium.remote.RemoteWebDriver.<init>(RemoteWebDriver.java:168)\n\tat org.openqa.selenium.chromium.ChromiumDriver.<init>(ChromiumDriver.java:108)\n\tat org.openqa.selenium.chrome.ChromeDriver.<init>(ChromeDriver.java:89)\n\tat org.openqa.selenium.chrome.ChromeDriver.<init>(ChromeDriver.java:84)\n\tat org.openqa.selenium.chrome.ChromeDriver.<init>(ChromeDriver.java:73)\n\tat com.prophecy.testing.config.WebDriverManager.createDriver(WebDriverManager.java:53)\n\tat com.prophecy.testing.config.WebDriverManager.initializeDriver(WebDriverManager.java:30)\n\tat com.prophecy.testing.hooks.TestHooks.setUp(TestHooks.java:42)\n","duration":148755897,"status":"failed"},"match":{"location":"com.prophecy.testing.hooks.TestHooks.setUp(io.cucumber.java.Scenario)"}},{"result":{"duration":660130,"status":"passed"},"match":{"location":"com.prophecy.testing.hooks.TestHooks.setUpApiTesting(io.cucumber.java.Scenario)"}}],"line":119,"name":"Test pipeline with different data volumes","description":"","id":"stage-by-stage-pipeline-testing;test-pipeline-with-different-data-volumes;;5","after":[{"result":{"duration":797830,"status":"passed"},"match":{"location":"com.prophecy.testing.hooks.TestHooks.tearDown(io.cucumber.java.Scenario)"}}],"type":"scenario","keyword":"Scenario Outline","steps":[{"result":{"duration":22910,"status":"skipped"},"line":109,"name":"I have prepared test data with 10000 records matching the pipeline input schema","match":{"arguments":[{"val":"10000","offset":31}],"location":"com.prophecy.testing.stepdefinitions.StageByStageTestSteps.i_have_prepared_test_data_with_records_matching_pipeline_input_schema(int)"},"keyword":"Given "},{"result":{"duration":27050,"status":"skipped"},"line":110,"name":"I execute the pipeline stage by stage with the test data","match":{"location":"com.prophecy.testing.stepdefinitions.StageByStageTestSteps.i_execute_the_pipeline_stage_by_stage_with_test_data()"},"keyword":"When "},{"result":{"duration":30770,"status":"skipped"},"line":111,"name":"all pipeline stages should execute successfully","match":{"location":"com.prophecy.testing.stepdefinitions.StageByStageTestSteps.all_pipeline_stages_should_execute_successfully()"},"keyword":"Then "},{"result":{"duration":22840,"status":"skipped"},"line":112,"name":"I should be able to trace data flow through all stages","match":{"location":"com.prophecy.testing.stepdefinitions.StageByStageTestSteps.i_should_be_able_to_trace_data_flow_through_all_stages()"},"keyword":"And "}],"tags":[{"name":"@stage-testing"},{"name":"@api"},{"name":"@regression"}]},{"line":7,"name":"","description":"","type":"background","keyword":"Background","steps":[{"result":{"duration":21110,"status":"skipped"},"line":8,"name":"I have an existing pipeline with ID \"customer_processing_pipeline_123\"","match":{"arguments":[{"val":"\"customer_processing_pipeline_123\"","offset":36}],"location":"com.prophecy.testing.stepdefinitions.StageByStageTestSteps.i_have_an_existing_pipeline_with_id(java.lang.String)"},"keyword":"Given "}]},{"start_timestamp":"2025-06-04T21:57:15.796Z","before":[{"result":{"error_message":"org.openqa.selenium.SessionNotCreatedException: Could not start a new session. Response code 500. Message: session not created\nfrom unknown error: cannot find Chrome binary \nHost info: host: 'runtime-swxtlnvtrtahcmhe-55cdc54bc7-mx25l', ip: '10.2.82.11'\nBuild info: version: '4.15.0', revision: '1d14b5521b'\nSystem info: os.name: 'Linux', os.arch: 'amd64', os.version: '5.15.0-1078-gke', java.version: '17.0.15'\nDriver info: org.openqa.selenium.chrome.ChromeDriver\nCommand: [null, newSession {capabilities=[Capabilities {browserName: chrome, goog:chromeOptions: {args: [--no-sandbox, --disable-dev-shm-usage, --disable-gpu, --window-size=1920,1080, --disable-extensions, --disable-web-security, --allow-running-insecure-co...], extensions: []}}]}]\n\tat org.openqa.selenium.remote.ProtocolHandshake.createSession(ProtocolHandshake.java:140)\n\tat org.openqa.selenium.remote.ProtocolHandshake.createSession(ProtocolHandshake.java:96)\n\tat org.openqa.selenium.remote.ProtocolHandshake.createSession(ProtocolHandshake.java:68)\n\tat org.openqa.selenium.remote.HttpCommandExecutor.execute(HttpCommandExecutor.java:163)\n\tat org.openqa.selenium.remote.service.DriverCommandExecutor.invokeExecute(DriverCommandExecutor.java:200)\n\tat org.openqa.selenium.remote.service.DriverCommandExecutor.execute(DriverCommandExecutor.java:175)\n\tat org.openqa.selenium.remote.RemoteWebDriver.execute(RemoteWebDriver.java:607)\n\tat org.openqa.selenium.remote.RemoteWebDriver.startSession(RemoteWebDriver.java:241)\n\tat org.openqa.selenium.remote.RemoteWebDriver.<init>(RemoteWebDriver.java:168)\n\tat org.openqa.selenium.chromium.ChromiumDriver.<init>(ChromiumDriver.java:108)\n\tat org.openqa.selenium.chrome.ChromeDriver.<init>(ChromeDriver.java:89)\n\tat org.openqa.selenium.chrome.ChromeDriver.<init>(ChromeDriver.java:84)\n\tat org.openqa.selenium.chrome.ChromeDriver.<init>(ChromeDriver.java:73)\n\tat com.prophecy.testing.config.WebDriverManager.createDriver(WebDriverManager.java:53)\n\tat com.prophecy.testing.config.WebDriverManager.initializeDriver(WebDriverManager.java:30)\n\tat com.prophecy.testing.hooks.TestHooks.setUp(TestHooks.java:42)\n","duration":146000928,"status":"failed"},"match":{"location":"com.prophecy.testing.hooks.TestHooks.setUp(io.cucumber.java.Scenario)"}},{"result":{"duration":365250,"status":"passed"},"match":{"location":"com.prophecy.testing.hooks.TestHooks.setUpApiTesting(io.cucumber.java.Scenario)"}}],"line":122,"name":"Test pipeline with empty dataset","description":"","id":"stage-by-stage-pipeline-testing;test-pipeline-with-empty-dataset","after":[{"result":{"duration":558550,"status":"passed"},"match":{"location":"com.prophecy.testing.hooks.TestHooks.tearDown(io.cucumber.java.Scenario)"}}],"type":"scenario","keyword":"Scenario","steps":[{"result":{"duration":29230,"status":"skipped"},"line":123,"name":"I have prepared test data with 0 records matching the pipeline input schema","match":{"arguments":[{"val":"0","offset":31}],"location":"com.prophecy.testing.stepdefinitions.StageByStageTestSteps.i_have_prepared_test_data_with_records_matching_pipeline_input_schema(int)"},"keyword":"Given "},{"result":{"duration":35080,"status":"skipped"},"line":124,"name":"I execute the pipeline stage by stage with the test data","match":{"location":"com.prophecy.testing.stepdefinitions.StageByStageTestSteps.i_execute_the_pipeline_stage_by_stage_with_test_data()"},"keyword":"When "},{"result":{"duration":30800,"status":"skipped"},"line":125,"name":"all pipeline stages should execute successfully","match":{"location":"com.prophecy.testing.stepdefinitions.StageByStageTestSteps.all_pipeline_stages_should_execute_successfully()"},"keyword":"Then "},{"result":{"duration":26890,"status":"skipped"},"line":126,"name":"the output data from stage \"Final Output\" should contain 0 records","match":{"arguments":[{"val":"\"Final Output\"","offset":27},{"val":"0","offset":57}],"location":"com.prophecy.testing.stepdefinitions.StageByStageTestSteps.the_output_data_from_stage_should_contain_records(java.lang.String,int)"},"keyword":"And "}],"tags":[{"name":"@stage-testing"},{"name":"@api"},{"name":"@edge-cases"}]},{"line":7,"name":"","description":"","type":"background","keyword":"Background","steps":[{"result":{"duration":23370,"status":"skipped"},"line":8,"name":"I have an existing pipeline with ID \"customer_processing_pipeline_123\"","match":{"arguments":[{"val":"\"customer_processing_pipeline_123\"","offset":36}],"location":"com.prophecy.testing.stepdefinitions.StageByStageTestSteps.i_have_an_existing_pipeline_with_id(java.lang.String)"},"keyword":"Given "}]},{"start_timestamp":"2025-06-04T21:57:15.950Z","before":[{"result":{"error_message":"org.openqa.selenium.SessionNotCreatedException: Could not start a new session. Response code 500. Message: session not created\nfrom unknown error: cannot find Chrome binary \nHost info: host: 'runtime-swxtlnvtrtahcmhe-55cdc54bc7-mx25l', ip: '10.2.82.11'\nBuild info: version: '4.15.0', revision: '1d14b5521b'\nSystem info: os.name: 'Linux', os.arch: 'amd64', os.version: '5.15.0-1078-gke', java.version: '17.0.15'\nDriver info: org.openqa.selenium.chrome.ChromeDriver\nCommand: [null, newSession {capabilities=[Capabilities {browserName: chrome, goog:chromeOptions: {args: [--no-sandbox, --disable-dev-shm-usage, --disable-gpu, --window-size=1920,1080, --disable-extensions, --disable-web-security, --allow-running-insecure-co...], extensions: []}}]}]\n\tat org.openqa.selenium.remote.ProtocolHandshake.createSession(ProtocolHandshake.java:140)\n\tat org.openqa.selenium.remote.ProtocolHandshake.createSession(ProtocolHandshake.java:96)\n\tat org.openqa.selenium.remote.ProtocolHandshake.createSession(ProtocolHandshake.java:68)\n\tat org.openqa.selenium.remote.HttpCommandExecutor.execute(HttpCommandExecutor.java:163)\n\tat org.openqa.selenium.remote.service.DriverCommandExecutor.invokeExecute(DriverCommandExecutor.java:200)\n\tat org.openqa.selenium.remote.service.DriverCommandExecutor.execute(DriverCommandExecutor.java:175)\n\tat org.openqa.selenium.remote.RemoteWebDriver.execute(RemoteWebDriver.java:607)\n\tat org.openqa.selenium.remote.RemoteWebDriver.startSession(RemoteWebDriver.java:241)\n\tat org.openqa.selenium.remote.RemoteWebDriver.<init>(RemoteWebDriver.java:168)\n\tat org.openqa.selenium.chromium.ChromiumDriver.<init>(ChromiumDriver.java:108)\n\tat org.openqa.selenium.chrome.ChromeDriver.<init>(ChromeDriver.java:89)\n\tat org.openqa.selenium.chrome.ChromeDriver.<init>(ChromeDriver.java:84)\n\tat org.openqa.selenium.chrome.ChromeDriver.<init>(ChromeDriver.java:73)\n\tat com.prophecy.testing.config.WebDriverManager.createDriver(WebDriverManager.java:53)\n\tat com.prophecy.testing.config.WebDriverManager.initializeDriver(WebDriverManager.java:30)\n\tat com.prophecy.testing.hooks.TestHooks.setUp(TestHooks.java:42)\n","duration":157878297,"status":"failed"},"match":{"location":"com.prophecy.testing.hooks.TestHooks.setUp(io.cucumber.java.Scenario)"}},{"result":{"duration":346730,"status":"passed"},"match":{"location":"com.prophecy.testing.hooks.TestHooks.setUpApiTesting(io.cucumber.java.Scenario)"}}],"line":129,"name":"Test pipeline with single record","description":"","id":"stage-by-stage-pipeline-testing;test-pipeline-with-single-record","after":[{"result":{"duration":464730,"status":"passed"},"match":{"location":"com.prophecy.testing.hooks.TestHooks.tearDown(io.cucumber.java.Scenario)"}}],"type":"scenario","keyword":"Scenario","steps":[{"result":{"duration":22180,"status":"skipped"},"line":130,"name":"I have prepared test data with 1 records matching the pipeline input schema","match":{"arguments":[{"val":"1","offset":31}],"location":"com.prophecy.testing.stepdefinitions.StageByStageTestSteps.i_have_prepared_test_data_with_records_matching_pipeline_input_schema(int)"},"keyword":"Given "},{"result":{"duration":29150,"status":"skipped"},"line":131,"name":"I execute the pipeline stage by stage with the test data","match":{"location":"com.prophecy.testing.stepdefinitions.StageByStageTestSteps.i_execute_the_pipeline_stage_by_stage_with_test_data()"},"keyword":"When "},{"result":{"duration":23380,"status":"skipped"},"line":132,"name":"all pipeline stages should execute successfully","match":{"location":"com.prophecy.testing.stepdefinitions.StageByStageTestSteps.all_pipeline_stages_should_execute_successfully()"},"keyword":"Then "},{"result":{"duration":21330,"status":"skipped"},"line":133,"name":"the output data from stage \"Final Output\" should contain 1 records","match":{"arguments":[{"val":"\"Final Output\"","offset":27},{"val":"1","offset":57}],"location":"com.prophecy.testing.stepdefinitions.StageByStageTestSteps.the_output_data_from_stage_should_contain_records(java.lang.String,int)"},"keyword":"And "}],"tags":[{"name":"@stage-testing"},{"name":"@api"},{"name":"@edge-cases"}]}],"name":"Stage-by-Stage Pipeline Testing","description":"  As a data engineer\n  I want to test each stage of my existing pipeline individually\n  So that I can identify issues at specific transformation points","id":"stage-by-stage-pipeline-testing","keyword":"Feature","uri":"file:src/test/resources/features/stage_by_stage_testing.feature","tags":[{"name":"@stage-testing","type":"Tag","location":{"line":1,"column":1}},{"name":"@api","type":"Tag","location":{"line":1,"column":16}}]}]